{"/Users/gregmiller/workspace/repos/ultramiks/src/server.js": {"path":"/Users/gregmiller/workspace/repos/ultramiks/src/server.js","statementMap":{"0":{"start":{"line":6,"column":16},"end":{"line":6,"column":34}},"1":{"start":{"line":8,"column":12},"end":{"line":8,"column":21}},"2":{"start":{"line":11,"column":0},"end":{"line":11,"column":24}},"3":{"start":{"line":14,"column":0},"end":{"line":19,"column":3}},"4":{"start":{"line":15,"column":4},"end":{"line":17,"column":5}},"5":{"start":{"line":16,"column":8},"end":{"line":16,"column":70}},"6":{"start":{"line":18,"column":4},"end":{"line":18,"column":11}},"7":{"start":{"line":25,"column":0},"end":{"line":32,"column":3}},"8":{"start":{"line":26,"column":4},"end":{"line":31,"column":7}},"9":{"start":{"line":38,"column":0},"end":{"line":76,"column":3}},"10":{"start":{"line":39,"column":47},"end":{"line":39,"column":55}},"11":{"start":{"line":42,"column":4},"end":{"line":46,"column":5}},"12":{"start":{"line":43,"column":8},"end":{"line":45,"column":11}},"13":{"start":{"line":49,"column":4},"end":{"line":53,"column":5}},"14":{"start":{"line":50,"column":8},"end":{"line":52,"column":11}},"15":{"start":{"line":56,"column":4},"end":{"line":62,"column":5}},"16":{"start":{"line":57,"column":8},"end":{"line":61,"column":11}},"17":{"start":{"line":65,"column":4},"end":{"line":75,"column":5}},"18":{"start":{"line":66,"column":29},"end":{"line":66,"column":67}},"19":{"start":{"line":67,"column":23},"end":{"line":67,"column":63}},"20":{"start":{"line":68,"column":8},"end":{"line":68,"column":25}},"21":{"start":{"line":70,"column":8},"end":{"line":70,"column":53}},"22":{"start":{"line":71,"column":8},"end":{"line":74,"column":11}},"23":{"start":{"line":81,"column":0},"end":{"line":86,"column":3}},"24":{"start":{"line":82,"column":4},"end":{"line":85,"column":7}},"25":{"start":{"line":91,"column":0},"end":{"line":97,"column":3}},"26":{"start":{"line":92,"column":4},"end":{"line":92,"column":40}},"27":{"start":{"line":93,"column":4},"end":{"line":96,"column":7}},"28":{"start":{"line":99,"column":0},"end":{"line":99,"column":21}}},"fnMap":{"0":{"name":"(anonymous_0)","decl":{"start":{"line":14,"column":8},"end":{"line":14,"column":9}},"loc":{"start":{"line":14,"column":33},"end":{"line":19,"column":1}},"line":14},"1":{"name":"(anonymous_1)","decl":{"start":{"line":25,"column":19},"end":{"line":25,"column":20}},"loc":{"start":{"line":25,"column":33},"end":{"line":32,"column":1}},"line":25},"2":{"name":"(anonymous_2)","decl":{"start":{"line":38,"column":27},"end":{"line":38,"column":28}},"loc":{"start":{"line":38,"column":47},"end":{"line":76,"column":1}},"line":38},"3":{"name":"(anonymous_3)","decl":{"start":{"line":81,"column":8},"end":{"line":81,"column":9}},"loc":{"start":{"line":81,"column":22},"end":{"line":86,"column":1}},"line":81},"4":{"name":"(anonymous_4)","decl":{"start":{"line":91,"column":8},"end":{"line":91,"column":9}},"loc":{"start":{"line":91,"column":33},"end":{"line":97,"column":1}},"line":91}},"branchMap":{"0":{"loc":{"start":{"line":15,"column":4},"end":{"line":17,"column":5}},"type":"if","locations":[{"start":{"line":15,"column":4},"end":{"line":17,"column":5}},{"start":{},"end":{}}],"line":15},"1":{"loc":{"start":{"line":15,"column":8},"end":{"line":15,"column":73}},"type":"binary-expr","locations":[{"start":{"line":15,"column":8},"end":{"line":15,"column":34}},{"start":{"line":15,"column":38},"end":{"line":15,"column":56}},{"start":{"line":15,"column":60},"end":{"line":15,"column":73}}],"line":15},"2":{"loc":{"start":{"line":29,"column":17},"end":{"line":29,"column":69}},"type":"cond-expr","locations":[{"start":{"line":29,"column":51},"end":{"line":29,"column":59}},{"start":{"line":29,"column":62},"end":{"line":29,"column":69}}],"line":29},"3":{"loc":{"start":{"line":39,"column":19},"end":{"line":39,"column":42}},"type":"default-arg","locations":[{"start":{"line":39,"column":27},"end":{"line":39,"column":42}}],"line":39},"4":{"loc":{"start":{"line":42,"column":4},"end":{"line":46,"column":5}},"type":"if","locations":[{"start":{"line":42,"column":4},"end":{"line":46,"column":5}},{"start":{},"end":{}}],"line":42},"5":{"loc":{"start":{"line":49,"column":4},"end":{"line":53,"column":5}},"type":"if","locations":[{"start":{"line":49,"column":4},"end":{"line":53,"column":5}},{"start":{},"end":{}}],"line":49},"6":{"loc":{"start":{"line":56,"column":4},"end":{"line":62,"column":5}},"type":"if","locations":[{"start":{"line":56,"column":4},"end":{"line":62,"column":5}},{"start":{},"end":{}}],"line":56},"7":{"loc":{"start":{"line":95,"column":17},"end":{"line":95,"column":81}},"type":"cond-expr","locations":[{"start":{"line":95,"column":58},"end":{"line":95,"column":69}},{"start":{"line":95,"column":72},"end":{"line":95,"column":81}}],"line":95}},"s":{"0":1,"1":1,"2":1,"3":1,"4":1,"5":1,"6":0,"7":1,"8":2,"9":1,"10":5,"11":5,"12":1,"13":4,"14":1,"15":3,"16":2,"17":1,"18":1,"19":1,"20":0,"21":1,"22":1,"23":1,"24":1,"25":1,"26":0,"27":0,"28":1},"f":{"0":1,"1":2,"2":5,"3":1,"4":0},"b":{"0":[1,0],"1":[1,1,1],"2":[2,0],"3":[4],"4":[1,4],"5":[1,3],"6":[2,1],"7":[0,0]},"_coverageSchema":"1a1c01bbd47fc00a2c39e90264f33305004495a9","hash":"7b0bf32fd0470c9bc4b87318d8e46795c207a5be"}
}
