TN:
SF:src/server.js
FN:14,(anonymous_0)
FN:25,(anonymous_1)
FN:38,(anonymous_2)
FN:81,(anonymous_3)
FN:91,(anonymous_4)
FNF:5
FNH:4
FNDA:1,(anonymous_0)
FNDA:2,(anonymous_1)
FNDA:5,(anonymous_2)
FNDA:1,(anonymous_3)
FNDA:0,(anonymous_4)
DA:6,1
DA:8,1
DA:11,1
DA:14,1
DA:15,1
DA:16,1
DA:18,0
DA:25,1
DA:26,2
DA:38,1
DA:39,5
DA:42,5
DA:43,1
DA:49,4
DA:50,1
DA:56,3
DA:57,2
DA:65,1
DA:66,1
DA:67,1
DA:68,0
DA:70,1
DA:71,1
DA:81,1
DA:82,1
DA:91,1
DA:92,0
DA:93,0
DA:99,1
LF:29
LH:25
BRDA:15,0,0,1
BRDA:15,0,1,0
BRDA:15,1,0,1
BRDA:15,1,1,1
BRDA:15,1,2,1
BRDA:29,2,0,2
BRDA:29,2,1,0
BRDA:39,3,0,4
BRDA:42,4,0,1
BRDA:42,4,1,4
BRDA:49,5,0,1
BRDA:49,5,1,3
BRDA:56,6,0,2
BRDA:56,6,1,1
BRDA:95,7,0,0
BRDA:95,7,1,0
BRF:16
BRH:12
end_of_record
